<?xml version="1.0" encoding="UTF-8"?>
<testng-results ignored="0" total="1" passed="1" failed="0" skipped="0">
  <reporter-output>
  </reporter-output>
  <suite started-at="2021-11-05T00:55:04 BDT" name="Default suite" finished-at="2021-11-05T00:56:00 BDT" duration-ms="55650">
    <groups>
    </groups>
    <test started-at="2021-11-05T00:55:04 BDT" name="Default test" finished-at="2021-11-05T00:56:00 BDT" duration-ms="55650">
      <class name="bongo.com.codetest.BioScopeLive">
        <test-method is-config="true" signature="Driversetup()[pri:0, instance:bongo.com.codetest.BioScopeLive@fd07cbb]" started-at="2021-11-05T00:55:00 BDT" name="Driversetup" finished-at="2021-11-05T00:55:04 BDT" duration-ms="3974" status="PASS">
          <reporter-output>
          </reporter-output>
        </test-method> <!-- Driversetup -->
        <test-method signature="DemoTest()[pri:0, instance:bongo.com.codetest.BioScopeLive@fd07cbb]" started-at="2021-11-05T00:55:04 BDT" name="DemoTest" finished-at="2021-11-05T00:56:00 BDT" duration-ms="55564" status="PASS">
          <reporter-output>
          </reporter-output>
        </test-method> <!-- DemoTest -->
        <test-method is-config="true" signature="close()[pri:0, instance:bongo.com.codetest.BioScopeLive@fd07cbb]" started-at="2021-11-05T00:56:00 BDT" name="close" finished-at="2021-11-05T00:56:04 BDT" duration-ms="4128" status="PASS">
          <reporter-output>
          </reporter-output>
        </test-method> <!-- close -->
      </class> <!-- bongo.com.codetest.BioScopeLive -->
    </test> <!-- Default test -->
  </suite> <!-- Default suite -->
</testng-results>
